<?xml version="1.0" encoding="UTF-8"?>
<testsuite xmlns:xsi="http://www.w3.org/2001/XMLSchema-instance" xsi:noNamespaceSchemaLocation="https://maven.apache.org/surefire/maven-surefire-plugin/xsd/surefire-test-report-3.0.xsd" version="3.0" name="runners.TestRunner" time="5.769" tests="1" errors="0" skipped="0" failures="1">
  <properties>
    <property name="sun.desktop" value="windows"/>
    <property name="awt.toolkit" value="sun.awt.windows.WToolkit"/>
    <property name="file.encoding.pkg" value="sun.io"/>
    <property name="java.specification.version" value="1.8"/>
    <property name="sun.cpu.isalist" value="amd64"/>
    <property name="sun.jnu.encoding" value="Cp1252"/>
    <property name="java.class.path" value="C:\Users\BidemiAkinlade\IdeaProjects\AutomationDemoTraining\target\test-classes;C:\Users\BidemiAkinlade\IdeaProjects\AutomationDemoTraining\target\classes;C:\Users\BidemiAkinlade\.m2\repository\info\cukes\cucumber-java\1.2.5\cucumber-java-1.2.5.jar;C:\Users\BidemiAkinlade\.m2\repository\info\cukes\cucumber-core\1.2.5\cucumber-core-1.2.5.jar;C:\Users\BidemiAkinlade\.m2\repository\info\cukes\cucumber-html\0.2.3\cucumber-html-0.2.3.jar;C:\Users\BidemiAkinlade\.m2\repository\info\cukes\gherkin\2.12.2\gherkin-2.12.2.jar;C:\Users\BidemiAkinlade\.m2\repository\info\cukes\cucumber-jvm-deps\1.0.5\cucumber-jvm-deps-1.0.5.jar;C:\Users\BidemiAkinlade\.m2\repository\info\cukes\cucumber-testng\1.2.5\cucumber-testng-1.2.5.jar;C:\Users\BidemiAkinlade\.m2\repository\org\testng\testng\6.9.8\testng-6.9.8.jar;C:\Users\BidemiAkinlade\.m2\repository\org\beanshell\bsh\2.0b4\bsh-2.0b4.jar;C:\Users\BidemiAkinlade\.m2\repository\com\beust\jcommander\1.48\jcommander-1.48.jar;C:\Users\BidemiAkinlade\.m2\repository\org\seleniumhq\selenium\selenium-java\3.141.59\selenium-java-3.141.59.jar;C:\Users\BidemiAkinlade\.m2\repository\org\seleniumhq\selenium\selenium-api\3.141.59\selenium-api-3.141.59.jar;C:\Users\BidemiAkinlade\.m2\repository\org\seleniumhq\selenium\selenium-edge-driver\3.141.59\selenium-edge-driver-3.141.59.jar;C:\Users\BidemiAkinlade\.m2\repository\org\seleniumhq\selenium\selenium-firefox-driver\3.141.59\selenium-firefox-driver-3.141.59.jar;C:\Users\BidemiAkinlade\.m2\repository\org\seleniumhq\selenium\selenium-ie-driver\3.141.59\selenium-ie-driver-3.141.59.jar;C:\Users\BidemiAkinlade\.m2\repository\org\seleniumhq\selenium\selenium-opera-driver\3.141.59\selenium-opera-driver-3.141.59.jar;C:\Users\BidemiAkinlade\.m2\repository\org\seleniumhq\selenium\selenium-remote-driver\3.141.59\selenium-remote-driver-3.141.59.jar;C:\Users\BidemiAkinlade\.m2\repository\org\seleniumhq\selenium\selenium-safari-driver\3.141.59\selenium-safari-driver-3.141.59.jar;C:\Users\BidemiAkinlade\.m2\repository\org\seleniumhq\selenium\selenium-support\3.141.59\selenium-support-3.141.59.jar;C:\Users\BidemiAkinlade\.m2\repository\net\bytebuddy\byte-buddy\1.8.15\byte-buddy-1.8.15.jar;C:\Users\BidemiAkinlade\.m2\repository\org\apache\commons\commons-exec\1.3\commons-exec-1.3.jar;C:\Users\BidemiAkinlade\.m2\repository\com\squareup\okhttp3\okhttp\3.11.0\okhttp-3.11.0.jar;C:\Users\BidemiAkinlade\.m2\repository\com\squareup\okio\okio\1.14.0\okio-1.14.0.jar;C:\Users\BidemiAkinlade\.m2\repository\com\google\guava\guava\27.1-jre\guava-27.1-jre.jar;C:\Users\BidemiAkinlade\.m2\repository\com\google\guava\failureaccess\1.0.1\failureaccess-1.0.1.jar;C:\Users\BidemiAkinlade\.m2\repository\com\google\guava\listenablefuture\9999.0-empty-to-avoid-conflict-with-guava\listenablefuture-9999.0-empty-to-avoid-conflict-with-guava.jar;C:\Users\BidemiAkinlade\.m2\repository\com\google\code\findbugs\jsr305\3.0.2\jsr305-3.0.2.jar;C:\Users\BidemiAkinlade\.m2\repository\org\checkerframework\checker-qual\2.5.2\checker-qual-2.5.2.jar;C:\Users\BidemiAkinlade\.m2\repository\com\google\errorprone\error_prone_annotations\2.2.0\error_prone_annotations-2.2.0.jar;C:\Users\BidemiAkinlade\.m2\repository\com\google\j2objc\j2objc-annotations\1.1\j2objc-annotations-1.1.jar;C:\Users\BidemiAkinlade\.m2\repository\org\codehaus\mojo\animal-sniffer-annotations\1.17\animal-sniffer-annotations-1.17.jar;C:\Users\BidemiAkinlade\.m2\repository\net\masterthought\cucumber-reporting\3.8.0\cucumber-reporting-3.8.0.jar;C:\Users\BidemiAkinlade\.m2\repository\org\apache\logging\log4j\log4j-api\2.6\log4j-api-2.6.jar;C:\Users\BidemiAkinlade\.m2\repository\org\apache\logging\log4j\log4j-core\2.6\log4j-core-2.6.jar;C:\Users\BidemiAkinlade\.m2\repository\com\fasterxml\jackson\core\jackson-databind\2.8.5\jackson-databind-2.8.5.jar;C:\Users\BidemiAkinlade\.m2\repository\com\fasterxml\jackson\core\jackson-annotations\2.8.0\jackson-annotations-2.8.0.jar;C:\Users\BidemiAkinlade\.m2\repository\com\fasterxml\jackson\core\jackson-core\2.8.5\jackson-core-2.8.5.jar;C:\Users\BidemiAkinlade\.m2\repository\org\apache\velocity\velocity\1.7\velocity-1.7.jar;C:\Users\BidemiAkinlade\.m2\repository\commons-collections\commons-collections\3.2.1\commons-collections-3.2.1.jar;C:\Users\BidemiAkinlade\.m2\repository\commons-lang\commons-lang\2.4\commons-lang-2.4.jar;C:\Users\BidemiAkinlade\.m2\repository\velocity-tools\velocity-tools\1.4\velocity-tools-1.4.jar;C:\Users\BidemiAkinlade\.m2\repository\joda-time\joda-time\2.9.6\joda-time-2.9.6.jar;C:\Users\BidemiAkinlade\.m2\repository\org\apache\commons\commons-lang3\3.5\commons-lang3-3.5.jar;C:\Users\BidemiAkinlade\.m2\repository\commons-io\commons-io\2.5\commons-io-2.5.jar;C:\Users\BidemiAkinlade\.m2\repository\net\lingala\zip4j\zip4j\1.3.2\zip4j-1.3.2.jar;C:\Users\BidemiAkinlade\.m2\repository\org\codehaus\plexus\plexus-utils\3.0.24\plexus-utils-3.0.24.jar;C:\Users\BidemiAkinlade\.m2\repository\org\jsoup\jsoup\1.10.1\jsoup-1.10.1.jar;C:\Users\BidemiAkinlade\.m2\repository\com\googlecode\owasp-java-html-sanitizer\owasp-java-html-sanitizer\20160924.1\owasp-java-html-sanitizer-20160924.1.jar;C:\Users\BidemiAkinlade\.m2\repository\org\seleniumhq\selenium\selenium-chrome-driver\3.141.59\selenium-chrome-driver-3.141.59.jar;"/>
    <property name="java.vm.vendor" value="Oracle Corporation"/>
    <property name="sun.arch.data.model" value="64"/>
    <property name="user.variant" value=""/>
    <property name="java.vendor.url" value="http://java.oracle.com/"/>
    <property name="user.timezone" value="Europe/London"/>
    <property name="java.vm.specification.version" value="1.8"/>
    <property name="os.name" value="Windows 10"/>
    <property name="user.country" value="GB"/>
    <property name="sun.java.launcher" value="SUN_STANDARD"/>
    <property name="sun.boot.library.path" value="C:\Program Files\Java\jdk1.8.0_191\jre\bin"/>
    <property name="sun.java.command" value="C:\Users\BidemiAkinlade\AppData\Local\Temp\surefire4747448856179468763\surefirebooter4529508718968818405.jar C:\Users\BidemiAkinlade\AppData\Local\Temp\surefire4747448856179468763 2019-07-19T10-21-44_515-jvmRun1 surefire7190069863614616080tmp surefire_08133162591669179655tmp"/>
    <property name="surefire.test.class.path" value="C:\Users\BidemiAkinlade\IdeaProjects\AutomationDemoTraining\target\test-classes;C:\Users\BidemiAkinlade\IdeaProjects\AutomationDemoTraining\target\classes;C:\Users\BidemiAkinlade\.m2\repository\info\cukes\cucumber-java\1.2.5\cucumber-java-1.2.5.jar;C:\Users\BidemiAkinlade\.m2\repository\info\cukes\cucumber-core\1.2.5\cucumber-core-1.2.5.jar;C:\Users\BidemiAkinlade\.m2\repository\info\cukes\cucumber-html\0.2.3\cucumber-html-0.2.3.jar;C:\Users\BidemiAkinlade\.m2\repository\info\cukes\gherkin\2.12.2\gherkin-2.12.2.jar;C:\Users\BidemiAkinlade\.m2\repository\info\cukes\cucumber-jvm-deps\1.0.5\cucumber-jvm-deps-1.0.5.jar;C:\Users\BidemiAkinlade\.m2\repository\info\cukes\cucumber-testng\1.2.5\cucumber-testng-1.2.5.jar;C:\Users\BidemiAkinlade\.m2\repository\org\testng\testng\6.9.8\testng-6.9.8.jar;C:\Users\BidemiAkinlade\.m2\repository\org\beanshell\bsh\2.0b4\bsh-2.0b4.jar;C:\Users\BidemiAkinlade\.m2\repository\com\beust\jcommander\1.48\jcommander-1.48.jar;C:\Users\BidemiAkinlade\.m2\repository\org\seleniumhq\selenium\selenium-java\3.141.59\selenium-java-3.141.59.jar;C:\Users\BidemiAkinlade\.m2\repository\org\seleniumhq\selenium\selenium-api\3.141.59\selenium-api-3.141.59.jar;C:\Users\BidemiAkinlade\.m2\repository\org\seleniumhq\selenium\selenium-edge-driver\3.141.59\selenium-edge-driver-3.141.59.jar;C:\Users\BidemiAkinlade\.m2\repository\org\seleniumhq\selenium\selenium-firefox-driver\3.141.59\selenium-firefox-driver-3.141.59.jar;C:\Users\BidemiAkinlade\.m2\repository\org\seleniumhq\selenium\selenium-ie-driver\3.141.59\selenium-ie-driver-3.141.59.jar;C:\Users\BidemiAkinlade\.m2\repository\org\seleniumhq\selenium\selenium-opera-driver\3.141.59\selenium-opera-driver-3.141.59.jar;C:\Users\BidemiAkinlade\.m2\repository\org\seleniumhq\selenium\selenium-remote-driver\3.141.59\selenium-remote-driver-3.141.59.jar;C:\Users\BidemiAkinlade\.m2\repository\org\seleniumhq\selenium\selenium-safari-driver\3.141.59\selenium-safari-driver-3.141.59.jar;C:\Users\BidemiAkinlade\.m2\repository\org\seleniumhq\selenium\selenium-support\3.141.59\selenium-support-3.141.59.jar;C:\Users\BidemiAkinlade\.m2\repository\net\bytebuddy\byte-buddy\1.8.15\byte-buddy-1.8.15.jar;C:\Users\BidemiAkinlade\.m2\repository\org\apache\commons\commons-exec\1.3\commons-exec-1.3.jar;C:\Users\BidemiAkinlade\.m2\repository\com\squareup\okhttp3\okhttp\3.11.0\okhttp-3.11.0.jar;C:\Users\BidemiAkinlade\.m2\repository\com\squareup\okio\okio\1.14.0\okio-1.14.0.jar;C:\Users\BidemiAkinlade\.m2\repository\com\google\guava\guava\27.1-jre\guava-27.1-jre.jar;C:\Users\BidemiAkinlade\.m2\repository\com\google\guava\failureaccess\1.0.1\failureaccess-1.0.1.jar;C:\Users\BidemiAkinlade\.m2\repository\com\google\guava\listenablefuture\9999.0-empty-to-avoid-conflict-with-guava\listenablefuture-9999.0-empty-to-avoid-conflict-with-guava.jar;C:\Users\BidemiAkinlade\.m2\repository\com\google\code\findbugs\jsr305\3.0.2\jsr305-3.0.2.jar;C:\Users\BidemiAkinlade\.m2\repository\org\checkerframework\checker-qual\2.5.2\checker-qual-2.5.2.jar;C:\Users\BidemiAkinlade\.m2\repository\com\google\errorprone\error_prone_annotations\2.2.0\error_prone_annotations-2.2.0.jar;C:\Users\BidemiAkinlade\.m2\repository\com\google\j2objc\j2objc-annotations\1.1\j2objc-annotations-1.1.jar;C:\Users\BidemiAkinlade\.m2\repository\org\codehaus\mojo\animal-sniffer-annotations\1.17\animal-sniffer-annotations-1.17.jar;C:\Users\BidemiAkinlade\.m2\repository\net\masterthought\cucumber-reporting\3.8.0\cucumber-reporting-3.8.0.jar;C:\Users\BidemiAkinlade\.m2\repository\org\apache\logging\log4j\log4j-api\2.6\log4j-api-2.6.jar;C:\Users\BidemiAkinlade\.m2\repository\org\apache\logging\log4j\log4j-core\2.6\log4j-core-2.6.jar;C:\Users\BidemiAkinlade\.m2\repository\com\fasterxml\jackson\core\jackson-databind\2.8.5\jackson-databind-2.8.5.jar;C:\Users\BidemiAkinlade\.m2\repository\com\fasterxml\jackson\core\jackson-annotations\2.8.0\jackson-annotations-2.8.0.jar;C:\Users\BidemiAkinlade\.m2\repository\com\fasterxml\jackson\core\jackson-core\2.8.5\jackson-core-2.8.5.jar;C:\Users\BidemiAkinlade\.m2\repository\org\apache\velocity\velocity\1.7\velocity-1.7.jar;C:\Users\BidemiAkinlade\.m2\repository\commons-collections\commons-collections\3.2.1\commons-collections-3.2.1.jar;C:\Users\BidemiAkinlade\.m2\repository\commons-lang\commons-lang\2.4\commons-lang-2.4.jar;C:\Users\BidemiAkinlade\.m2\repository\velocity-tools\velocity-tools\1.4\velocity-tools-1.4.jar;C:\Users\BidemiAkinlade\.m2\repository\joda-time\joda-time\2.9.6\joda-time-2.9.6.jar;C:\Users\BidemiAkinlade\.m2\repository\org\apache\commons\commons-lang3\3.5\commons-lang3-3.5.jar;C:\Users\BidemiAkinlade\.m2\repository\commons-io\commons-io\2.5\commons-io-2.5.jar;C:\Users\BidemiAkinlade\.m2\repository\net\lingala\zip4j\zip4j\1.3.2\zip4j-1.3.2.jar;C:\Users\BidemiAkinlade\.m2\repository\org\codehaus\plexus\plexus-utils\3.0.24\plexus-utils-3.0.24.jar;C:\Users\BidemiAkinlade\.m2\repository\org\jsoup\jsoup\1.10.1\jsoup-1.10.1.jar;C:\Users\BidemiAkinlade\.m2\repository\com\googlecode\owasp-java-html-sanitizer\owasp-java-html-sanitizer\20160924.1\owasp-java-html-sanitizer-20160924.1.jar;C:\Users\BidemiAkinlade\.m2\repository\org\seleniumhq\selenium\selenium-chrome-driver\3.141.59\selenium-chrome-driver-3.141.59.jar;"/>
    <property name="sun.cpu.endian" value="little"/>
    <property name="user.home" value="C:\Users\BidemiAkinlade"/>
    <property name="user.language" value="en"/>
    <property name="java.specification.vendor" value="Oracle Corporation"/>
    <property name="java.home" value="C:\Program Files\Java\jdk1.8.0_191\jre"/>
    <property name="basedir" value="C:\Users\BidemiAkinlade\IdeaProjects\AutomationDemoTraining"/>
    <property name="file.separator" value="\"/>
    <property name="line.separator" value="&#10;"/>
    <property name="java.vm.specification.vendor" value="Oracle Corporation"/>
    <property name="java.specification.name" value="Java Platform API Specification"/>
    <property name="java.awt.graphicsenv" value="sun.awt.Win32GraphicsEnvironment"/>
    <property name="surefire.real.class.path" value="C:\Users\BidemiAkinlade\AppData\Local\Temp\surefire4747448856179468763\surefirebooter4529508718968818405.jar"/>
    <property name="sun.boot.class.path" value="C:\Program Files\Java\jdk1.8.0_191\jre\lib\resources.jar;C:\Program Files\Java\jdk1.8.0_191\jre\lib\rt.jar;C:\Program Files\Java\jdk1.8.0_191\jre\lib\sunrsasign.jar;C:\Program Files\Java\jdk1.8.0_191\jre\lib\jsse.jar;C:\Program Files\Java\jdk1.8.0_191\jre\lib\jce.jar;C:\Program Files\Java\jdk1.8.0_191\jre\lib\charsets.jar;C:\Program Files\Java\jdk1.8.0_191\jre\lib\jfr.jar;C:\Program Files\Java\jdk1.8.0_191\jre\classes"/>
    <property name="user.script" value=""/>
    <property name="sun.management.compiler" value="HotSpot 64-Bit Tiered Compilers"/>
    <property name="java.runtime.version" value="1.8.0_191-b12"/>
    <property name="user.name" value="BidemiAkinlade"/>
    <property name="path.separator" value=";"/>
    <property name="os.version" value="10.0"/>
    <property name="java.endorsed.dirs" value="C:\Program Files\Java\jdk1.8.0_191\jre\lib\endorsed"/>
    <property name="java.runtime.name" value="Java(TM) SE Runtime Environment"/>
    <property name="file.encoding" value="Cp1252"/>
    <property name="java.vm.name" value="Java HotSpot(TM) 64-Bit Server VM"/>
    <property name="localRepository" value="C:\Users\BidemiAkinlade\.m2\repository"/>
    <property name="java.vendor.url.bug" value="http://bugreport.sun.com/bugreport/"/>
    <property name="java.io.tmpdir" value="C:\Users\BIDEMI~1\AppData\Local\Temp\"/>
    <property name="java.version" value="1.8.0_191"/>
    <property name="user.dir" value="C:\Users\BidemiAkinlade\IdeaProjects\AutomationDemoTraining"/>
    <property name="os.arch" value="amd64"/>
    <property name="java.vm.specification.name" value="Java Virtual Machine Specification"/>
    <property name="java.awt.printerjob" value="sun.awt.windows.WPrinterJob"/>
    <property name="sun.os.patch.level" value=""/>
    <property name="java.library.path" value="C:\Program Files\Java\jdk1.8.0_191\jre\bin;C:\Windows\Sun\Java\bin;C:\Windows\system32;C:\Windows;C:\Program Files (x86)\Common Files\Oracle\Java\javapath;C:\JAVA Automation2\Maven\apache-maven-3.6.1-bin\apache-maven-3.6.1\bin;C:\Program Files (x86)\Java\jre1.8.0_73\bin;C:\Program Files\Java\jdk1.8.0_191\bin;C:\Program Files\Java\jre1.8.0_191\bin;C:\Program Files\Intel\WiFi\bin\;C:\Program Files\Common Files\Intel\WirelessCommon\;C:\Program Files\Git\cmd;C:\Program Files\Notepad++;C:\Users\BidemiAkinlade\AppData\Local\Microsoft\WindowsApps;;C:\Users\BidemiAkinlade\AppData\Local\Programs\Microsoft VS Code\bin;."/>
    <property name="java.vm.info" value="mixed mode"/>
    <property name="java.vendor" value="Oracle Corporation"/>
    <property name="java.vm.version" value="25.191-b12"/>
    <property name="java.ext.dirs" value="C:\Program Files\Java\jdk1.8.0_191\jre\lib\ext;C:\Windows\Sun\Java\lib\ext"/>
    <property name="sun.io.unicode.encoding" value="UnicodeLittle"/>
    <property name="java.class.version" value="52.0"/>
  </properties>
  <testcase name="feature" classname="runners.TestRunner" time="5.069">
    <failure message="org.openqa.selenium.ElementClickInterceptedException: element click intercepted: Element &lt;input id=&quot;tool-2&quot; name=&quot;tool&quot; style=&quot;font-size: 14px; margin: 0px; padding: 0px; vertical-align: baseline;&quot; type=&quot;checkbox&quot; value=&quot;Selenium Webdriver&quot;&gt; is not clickable at point (357, 797). Other element would receive the click: &lt;span class=&quot;cookie-choices-text&quot;&gt;...&lt;/span&gt;&#10;  (Session info: chrome=75.0.3770.142)&#10;Build info: version: &apos;3.141.59&apos;, revision: &apos;e82be7d358&apos;, time: &apos;2018-11-14T08:17:03&apos;&#10;System info: host: &apos;DESKTOP-AG89RSG&apos;, ip: &apos;192.168.56.1&apos;, os.name: &apos;Windows 10&apos;, os.arch: &apos;amd64&apos;, os.version: &apos;10.0&apos;, java.version: &apos;1.8.0_191&apos;&#10;Driver info: org.openqa.selenium.chrome.ChromeDriver&#10;Capabilities {acceptInsecureCerts: false, browserName: chrome, browserVersion: 75.0.3770.142, chrome: {chromedriverVersion: 75.0.3770.8 (681f24ea911fe7..., userDataDir: C:\Users\BIDEMI~1\AppData\L...}, goog:chromeOptions: {debuggerAddress: localhost:60624}, javascriptEnabled: true, networkConnectionEnabled: false, pageLoadStrategy: normal, platform: XP, platformName: XP, proxy: Proxy(), setWindowRect: true, strictFileInteractability: false, timeouts: {implicit: 0, pageLoad: 300000, script: 30000}, unhandledPromptBehavior: dismiss and notify}&#10;Session ID: e10ea80ee553ec349c5b884cf7bc9a60" type="cucumber.runtime.CucumberException"><![CDATA[cucumber.runtime.CucumberException: 
org.openqa.selenium.ElementClickInterceptedException: element click intercepted: Element <input id="tool-2" name="tool" style="font-size: 14px; margin: 0px; padding: 0px; vertical-align: baseline;" type="checkbox" value="Selenium Webdriver"> is not clickable at point (357, 797). Other element would receive the click: <span class="cookie-choices-text">...</span>
  (Session info: chrome=75.0.3770.142)
Build info: version: '3.141.59', revision: 'e82be7d358', time: '2018-11-14T08:17:03'
System info: host: 'DESKTOP-AG89RSG', ip: '192.168.56.1', os.name: 'Windows 10', os.arch: 'amd64', os.version: '10.0', java.version: '1.8.0_191'
Driver info: org.openqa.selenium.chrome.ChromeDriver
Capabilities {acceptInsecureCerts: false, browserName: chrome, browserVersion: 75.0.3770.142, chrome: {chromedriverVersion: 75.0.3770.8 (681f24ea911fe7..., userDataDir: C:\Users\BIDEMI~1\AppData\L...}, goog:chromeOptions: {debuggerAddress: localhost:60624}, javascriptEnabled: true, networkConnectionEnabled: false, pageLoadStrategy: normal, platform: XP, platformName: XP, proxy: Proxy(), setWindowRect: true, strictFileInteractability: false, timeouts: {implicit: 0, pageLoad: 300000, script: 30000}, unhandledPromptBehavior: dismiss and notify}
Session ID: e10ea80ee553ec349c5b884cf7bc9a60
	at runners.TestRunner.feature(TestRunner.java:30)
Caused by: org.openqa.selenium.ElementClickInterceptedException: 
element click intercepted: Element <input id="tool-2" name="tool" style="font-size: 14px; margin: 0px; padding: 0px; vertical-align: baseline;" type="checkbox" value="Selenium Webdriver"> is not clickable at point (357, 797). Other element would receive the click: <span class="cookie-choices-text">...</span>
  (Session info: chrome=75.0.3770.142)
Build info: version: '3.141.59', revision: 'e82be7d358', time: '2018-11-14T08:17:03'
System info: host: 'DESKTOP-AG89RSG', ip: '192.168.56.1', os.name: 'Windows 10', os.arch: 'amd64', os.version: '10.0', java.version: '1.8.0_191'
Driver info: org.openqa.selenium.chrome.ChromeDriver
Capabilities {acceptInsecureCerts: false, browserName: chrome, browserVersion: 75.0.3770.142, chrome: {chromedriverVersion: 75.0.3770.8 (681f24ea911fe7..., userDataDir: C:\Users\BIDEMI~1\AppData\L...}, goog:chromeOptions: {debuggerAddress: localhost:60624}, javascriptEnabled: true, networkConnectionEnabled: false, pageLoadStrategy: normal, platform: XP, platformName: XP, proxy: Proxy(), setWindowRect: true, strictFileInteractability: false, timeouts: {implicit: 0, pageLoad: 300000, script: 30000}, unhandledPromptBehavior: dismiss and notify}
Session ID: e10ea80ee553ec349c5b884cf7bc9a60
]]></failure>
    <system-out><![CDATA[@GoogleSearch @test
Feature: Google Search
  As a web user
  I want to be able to register
  So that I can access the job site

  Scenario: Web account registration                                          &amp#27;[90m# AutomationDemoTraining.feature:7&amp#27;[0m
    &amp#27;[32mGiven &amp#27;[0m&amp#27;[32mi'm on registration page&amp#27;[0m                                            &amp#27;[90m# AutomationDemoTrainingSteps.i_m_on_registration_page()&amp#27;[0m
    &amp#27;[32mWhen &amp#27;[0m&amp#27;[32mi enter my "&amp#27;[0m&amp#27;[32m&amp#27;[1mFirst name&amp#27;[0m&amp#27;[32m" in the text boxes&amp#27;[0m                            &amp#27;[90m# AutomationDemoTrainingSteps.i_enter_my_in_the_text_boxes(String)&amp#27;[0m
    &amp#27;[32mAnd &amp#27;[0m&amp#27;[32mi enter my "&amp#27;[0m&amp#27;[32m&amp#27;[1mLast name&amp#27;[0m&amp#27;[32m" in the text boxes&amp#27;[0m                              &amp#27;[90m# AutomationDemoTrainingSteps.i_enter_my_in_the_text_boxes(String)&amp#27;[0m
    &amp#27;[32mAnd &amp#27;[0m&amp#27;[32mi click on "&amp#27;[0m&amp#27;[32m&amp#27;[1mcheck boxes&amp#27;[0m&amp#27;[32m" to confirm my sex my gender&amp#27;[0m                  &amp#27;[90m# AutomationDemoTrainingSteps.i_click_on_to_confirm_my_sex_my_gender(String)&amp#27;[0m
    &amp#27;[32mAnd &amp#27;[0m&amp#27;[32mi click on "&amp#27;[0m&amp#27;[32m&amp#27;[1mradio button&amp#27;[0m&amp#27;[32m" to confirm my Years of Experience&amp#27;[0m           &amp#27;[90m# AutomationDemoTrainingSteps.i_click_on_to_confirm_my_Years_of_Experience(String)&amp#27;[0m
    &amp#27;[32mAnd &amp#27;[0m&amp#27;[32mi enter "&amp#27;[0m&amp#27;[32m&amp#27;[1mDate&amp#27;[0m&amp#27;[32m" on date picker&amp#27;[0m                                         &amp#27;[90m# AutomationDemoTrainingSteps.i_enter_on_date_picker(String)&amp#27;[0m
    &amp#27;[32mAnd &amp#27;[0m&amp#27;[32mi click on "&amp#27;[0m&amp#27;[32m&amp#27;[1mcheck boxes&amp#27;[0m&amp#27;[32m" to confirm my Profession&amp#27;[0m                     &amp#27;[90m# AutomationDemoTrainingSteps.i_click_on_to_confirm_my_Profession(String)&amp#27;[0m
    &amp#27;[31mAnd &amp#27;[0m&amp#27;[31mi click to confirm Checkbox to confirm "&amp#27;[0m&amp#27;[31m&amp#27;[1mSelenium Webdriver&amp#27;[0m&amp#27;[31m" i've used&amp#27;[0m &amp#27;[90m# AutomationDemoTrainingSteps.i_click_to_confirm_Checkbox_to_confirm_i_ve_used(String)&amp#27;[0m
      &amp#27;[31morg.openqa.selenium.ElementClickInterceptedException: element click intercepted: Element <input id="tool-2" name="tool" style="font-size: 14px; margin: 0px; padding: 0px; vertical-align: baseline;" type="checkbox" value="Selenium Webdriver"> is not clickable at point (357, 797). Other element would receive the click: <span class="cookie-choices-text">...</span>
        (Session info: chrome=75.0.3770.142)
      Build info: version: '3.141.59', revision: 'e82be7d358', time: '2018-11-14T08:17:03'
      System info: host: 'DESKTOP-AG89RSG', ip: '192.168.56.1', os.name: 'Windows 10', os.arch: 'amd64', os.version: '10.0', java.version: '1.8.0_191'
      Driver info: org.openqa.selenium.chrome.ChromeDriver
      Capabilities {acceptInsecureCerts: false, browserName: chrome, browserVersion: 75.0.3770.142, chrome: {chromedriverVersion: 75.0.3770.8 (681f24ea911fe7..., userDataDir: C:\Users\BIDEMI~1\AppData\L...}, goog:chromeOptions: {debuggerAddress: localhost:60624}, javascriptEnabled: true, networkConnectionEnabled: false, pageLoadStrategy: normal, platform: XP, platformName: XP, proxy: Proxy(), setWindowRect: true, strictFileInteractability: false, timeouts: {implicit: 0, pageLoad: 300000, script: 30000}, unhandledPromptBehavior: dismiss and notify}
      Session ID: e10ea80ee553ec349c5b884cf7bc9a60
      	at sun.reflect.NativeConstructorAccessorImpl.newInstance0(Native Method)
      	at sun.reflect.NativeConstructorAccessorImpl.newInstance(NativeConstructorAccessorImpl.java:62)
      	at sun.reflect.DelegatingConstructorAccessorImpl.newInstance(DelegatingConstructorAccessorImpl.java:45)
      	at java.lang.reflect.Constructor.newInstance(Constructor.java:423)
      	at org.openqa.selenium.remote.http.W3CHttpResponseCodec.createException(W3CHttpResponseCodec.java:187)
      	at org.openqa.selenium.remote.http.W3CHttpResponseCodec.decode(W3CHttpResponseCodec.java:122)
      	at org.openqa.selenium.remote.http.W3CHttpResponseCodec.decode(W3CHttpResponseCodec.java:49)
      	at org.openqa.selenium.remote.HttpCommandExecutor.execute(HttpCommandExecutor.java:158)
      	at org.openqa.selenium.remote.service.DriverCommandExecutor.execute(DriverCommandExecutor.java:83)
      	at org.openqa.selenium.remote.RemoteWebDriver.execute(RemoteWebDriver.java:552)
      	at org.openqa.selenium.remote.RemoteWebElement.execute(RemoteWebElement.java:285)
      	at org.openqa.selenium.remote.RemoteWebElement.click(RemoteWebElement.java:84)
      	at stepdefinition.AutomationDemoTrainingSteps.i_click_to_confirm_Checkbox_to_confirm_i_ve_used(AutomationDemoTrainingSteps.java:68)
      	at ?.And i click to confirm Checkbox to confirm "Selenium Webdriver" i've used(AutomationDemoTraining.feature:15)
      &amp#27;[0m
    &amp#27;[36mAnd &amp#27;[0m&amp#27;[36mi click on "&amp#27;[0m&amp#27;[36m&amp#27;[1mcontinents&amp#27;[0m&amp#27;[36m" on multi select box to choose where i'm from&amp#27;[0m  &amp#27;[90m# AutomationDemoTrainingSteps.i_click_on_on_multi_select_box_to_choose_where_i_m_from(String)&amp#27;[0m
    &amp#27;[36mAnd &amp#27;[0m&amp#27;[36mi clicked on "&amp#27;[0m&amp#27;[36m&amp#27;[1mcommands&amp#27;[0m&amp#27;[36m" i use in selenium&amp#27;[0m                             &amp#27;[90m# AutomationDemoTrainingSteps.i_clicked_on_i_use_in_selenium(String)&amp#27;[0m
    &amp#27;[36mAnd &amp#27;[0m&amp#27;[36mi click on "&amp#27;[0m&amp#27;[36m&amp#27;[1mchoose file&amp#27;[0m&amp#27;[36m" to upload image&amp#27;[0m                              &amp#27;[90m# AutomationDemoTrainingSteps.i_click_on_to_upload_image(String)&amp#27;[0m
    &amp#27;[33mAnd &amp#27;[0m&amp#27;[33mi click to "Download link" to upload my file&amp#27;[0m
    &amp#27;[36mThen &amp#27;[0m&amp#27;[36mi click on submit button&amp#27;[0m                                             &amp#27;[90m# AutomationDemoTrainingSteps.i_click_on_submit_button()&amp#27;[0m
]]></system-out>
    <system-err><![CDATA[Starting ChromeDriver 75.0.3770.8 (681f24ea911fe754973dda2fdc6d2a2e159dd300-refs/branch-heads/3770@{#40}) on port 7304
Only local connections are allowed.
Please protect ports used by ChromeDriver and related test frameworks to prevent access by malicious code.
Jul 19, 2019 10:21:48 AM org.openqa.selenium.remote.ProtocolHandshake createSession
INFO: Detected dialect: W3C
]]></system-err>
  </testcase>
</testsuite>